Replace Part C1 Cap Semi in C:\Users\Public\Documents\Altium\Projects\phone_cover\MCU.SchDoc with Cap Semi from Miscellaneous Devices.IntLib
Replace Part CAVDD Cap Semi in C:\Users\Public\Documents\Altium\Projects\phone_cover\MCU.SchDoc with Cap Semi from Miscellaneous Devices.IntLib
Replace Part CAVDD_0 Cap Semi in C:\Users\Public\Documents\Altium\Projects\phone_cover\MCU.SchDoc with Cap Semi from Miscellaneous Devices.IntLib
Replace Part CAVDD_1 Cap Semi in C:\Users\Public\Documents\Altium\Projects\phone_cover\MCU.SchDoc with Cap Semi from Miscellaneous Devices.IntLib
Replace Part CDEC Cap Semi in C:\Users\Public\Documents\Altium\Projects\phone_cover\MCU.SchDoc with Cap Semi from Miscellaneous Devices.IntLib
Replace Part CH1 Cap Semi in C:\Users\Public\Documents\Altium\Projects\phone_cover\MCU.SchDoc with Cap Semi from Miscellaneous Devices.IntLib
Replace Part CH2 Cap Semi in C:\Users\Public\Documents\Altium\Projects\phone_cover\MCU.SchDoc with Cap Semi from Miscellaneous Devices.IntLib
Replace Part CIOVDD Cap Semi in C:\Users\Public\Documents\Altium\Projects\phone_cover\MCU.SchDoc with Cap Semi from Miscellaneous Devices.IntLib
Replace Part CIOVDD_0 Cap Semi in C:\Users\Public\Documents\Altium\Projects\phone_cover\MCU.SchDoc with Cap Semi from Miscellaneous Devices.IntLib
Replace Part CIOVDD_3 Cap Semi in C:\Users\Public\Documents\Altium\Projects\phone_cover\MCU.SchDoc with Cap Semi from Miscellaneous Devices.IntLib
Replace Part CIOVDD_5 Cap Semi in C:\Users\Public\Documents\Altium\Projects\phone_cover\MCU.SchDoc with Cap Semi from Miscellaneous Devices.IntLib
Replace Part CL1 Cap Semi in C:\Users\Public\Documents\Altium\Projects\phone_cover\MCU.SchDoc with Cap Semi from Miscellaneous Devices.IntLib
Replace Part CL2 Cap Semi in C:\Users\Public\Documents\Altium\Projects\phone_cover\MCU.SchDoc with Cap Semi from Miscellaneous Devices.IntLib
Replace Part CVDD Cap Semi in C:\Users\Public\Documents\Altium\Projects\phone_cover\MCU.SchDoc with Cap Semi from Miscellaneous Devices.IntLib
Replace Part CVDD1 Cap Semi in C:\Users\Public\Documents\Altium\Projects\phone_cover\MCU.SchDoc with Cap Semi from Miscellaneous Devices.IntLib
Replace Part FBVDD Inductor in C:\Users\Public\Documents\Altium\Projects\phone_cover\MCU.SchDoc with Inductor from Miscellaneous Devices.IntLib
Replace Part J21 Socket in C:\Users\Public\Documents\Altium\Projects\phone_cover\MCU.SchDoc with Socket from Miscellaneous Connectors.IntLib
Replace Part RAVDD Res3 in C:\Users\Public\Documents\Altium\Projects\phone_cover\MCU.SchDoc with Res3 from Miscellaneous Devices.IntLib
Replace Part U2 EFM32G232F128-QFP64 in C:\Users\Public\Documents\Altium\Projects\phone_cover\MCU.SchDoc with EFM32G232F128-QFP64 from EFM32G232F128-QFP64.IntLib
Replace Part Y1 XTAL in C:\Users\Public\Documents\Altium\Projects\phone_cover\MCU.SchDoc with XTAL from Miscellaneous Devices.IntLib
