Removed Pin From Net: NetName=GND Pin=P7-4
Removed Pin From Net: NetName=SWDIO Pin=P7-7
Removed Pin From Net: NetName=GND Pin=P7-8
Removed Pin From Net: NetName=SWCLK Pin=P7-9
Removed Pin From Net: NetName=GND Pin=P7-10
Removed Pin From Net: NetName=GND Pin=P7-12
Removed Pin From Net: NetName=SWO Pin=P7-13
Removed Pin From Net: NetName=GND Pin=P7-14
Removed Pin From Net: NetName=RESETn Pin=P7-15
Removed Pin From Net: NetName=GND Pin=P7-16
Removed Pin From Net: NetName=GND Pin=P7-18
Removed Pin From Net: NetName=GND Pin=P7-20
Change Component Footprint: Designator=P7 Old Footprint=TE_2-1761606-7 New Footprint=HDR1X6
Change Component Comment : Designator=P7 Old Comment=2-1761606-7 New Comment=Header 6
Change component parameters: Designator = "P7"; Footprint = "HDR1X6"; UniqueID = "\DJXMEGMY"
Change component parameters. Clean all parameters for all variants
Change component parameters (AddParameter): Name = "LatestRevisionDate"; Value = "17-Jul-2002"; VariantName = "[No Variations]"
Change component parameters (AddParameter): Name = "LatestRevisionNote"; Value = "Re-released for DXP Platform."; VariantName = "[No Variations]"
Change component parameters (AddParameter): Name = "Publisher"; Value = "Altium Limited"; VariantName = "[No Variations]"
Added Pin To Net: NetName=SWDIO Pin=P7-1
Added Pin To Net: NetName=SWCLK Pin=P7-2
Added Pin To Net: NetName=SWO Pin=P7-3
Added Pin To Net: NetName=RESETn Pin=P7-4
Added Pin To Net: NetName=IOVDD_0 Pin=P7-5
