Added Component: Designator=GPIO(HDR1X8)
Add component. Clean all parameters for all variants
Add component (AddParameter): Name = "LatestRevisionDate"; Value = "17-Jul-2002"; VariantName = "[No Variations]"
Add component (AddParameter): Name = "LatestRevisionNote"; Value = "Re-released for DXP Platform."; VariantName = "[No Variations]"
Add component (AddParameter): Name = "Publisher"; Value = "Altium Limited"; VariantName = "[No Variations]"
Added Pin To Net: NetName=NetGPIO_1 Pin=GPIO-1
Added Pin To Net: NetName=NetGPIO_1 Pin=U2-48
Added Net: Name=NetGPIO_1
Added Pin To Net: NetName=NetGPIO_2 Pin=GPIO-2
Added Pin To Net: NetName=NetGPIO_2 Pin=U2-47
Added Net: Name=NetGPIO_2
Added Pin To Net: NetName=NetGPIO_3 Pin=GPIO-3
Added Pin To Net: NetName=NetGPIO_3 Pin=U2-46
Added Net: Name=NetGPIO_3
Added Pin To Net: NetName=NetGPIO_4 Pin=GPIO-4
Added Pin To Net: NetName=NetGPIO_4 Pin=U2-45
Added Net: Name=NetGPIO_4
Added Pin To Net: NetName=NetGPIO_5 Pin=GPIO-5
Added Pin To Net: NetName=NetGPIO_5 Pin=U2-44
Added Net: Name=NetGPIO_5
Added Pin To Net: NetName=NetGPIO_6 Pin=GPIO-6
Added Pin To Net: NetName=NetGPIO_6 Pin=U2-43
Added Net: Name=NetGPIO_6
Added Pin To Net: NetName=NetGPIO_7 Pin=GPIO-7
Added Pin To Net: NetName=NetGPIO_7 Pin=U2-42
Added Net: Name=NetGPIO_7
Added Pin To Net: NetName=NetGPIO_8 Pin=GPIO-8
Added Pin To Net: NetName=NetGPIO_8 Pin=U2-41
Added Net: Name=NetGPIO_8
Added Member To Class: ClassName=MCU Member=Component GPIO Header 8
