Replace Part CBYP Cap Semi in C:\Users\Public\Documents\Altium\Projects\phone_cover\Power.SchDoc with Cap Semi from Miscellaneous Devices.IntLib
Replace Part CIN Cap Semi in C:\Users\Public\Documents\Altium\Projects\phone_cover\Power.SchDoc with Cap Semi from Miscellaneous Devices.IntLib
Replace Part COUT Cap Semi in C:\Users\Public\Documents\Altium\Projects\phone_cover\Power.SchDoc with Cap Semi from Miscellaneous Devices.IntLib
Replace Part COUT1 Cap Semi in C:\Users\Public\Documents\Altium\Projects\phone_cover\Power.SchDoc with Cap Semi from Miscellaneous Devices.IntLib
Replace Part CREF Cap Semi in C:\Users\Public\Documents\Altium\Projects\phone_cover\Power.SchDoc with Cap Semi from Miscellaneous Devices.IntLib
Replace Part CSTOR Cap Semi in C:\Users\Public\Documents\Altium\Projects\phone_cover\Power.SchDoc with Cap Semi from Miscellaneous Devices.IntLib
Replace Part D1 LED0 in C:\Users\Public\Documents\Altium\Projects\phone_cover\Power.SchDoc with LED0 from Miscellaneous Devices.IntLib
Replace Part D2 LED0 in C:\Users\Public\Documents\Altium\Projects\phone_cover\Power.SchDoc with LED0 from Miscellaneous Devices.IntLib
Replace Part J1 Socket in C:\Users\Public\Documents\Altium\Projects\phone_cover\Power.SchDoc with Socket from Miscellaneous Connectors.IntLib
Replace Part J2 Socket in C:\Users\Public\Documents\Altium\Projects\phone_cover\Power.SchDoc with Socket from Miscellaneous Connectors.IntLib
Replace Part J3 Socket in C:\Users\Public\Documents\Altium\Projects\phone_cover\Power.SchDoc with Socket from Miscellaneous Connectors.IntLib
Replace Part J5 Socket in C:\Users\Public\Documents\Altium\Projects\phone_cover\Power.SchDoc with Socket from Miscellaneous Connectors.IntLib
Replace Part L1 Inductor in C:\Users\Public\Documents\Altium\Projects\phone_cover\Power.SchDoc with Inductor from Miscellaneous Devices.IntLib
Replace Part L2 Inductor in C:\Users\Public\Documents\Altium\Projects\phone_cover\Power.SchDoc with Inductor from Miscellaneous Devices.IntLib
Replace Part P6 Header 3 in C:\Users\Public\Documents\Altium\Projects\phone_cover\Power.SchDoc with Header 3 from Miscellaneous Connectors.IntLib
Replace Part R1 Res1 in C:\Users\Public\Documents\Altium\Projects\phone_cover\Power.SchDoc with Res1 from Miscellaneous Devices.IntLib
Replace Part R2 Res1 in C:\Users\Public\Documents\Altium\Projects\phone_cover\Power.SchDoc with Res1 from Miscellaneous Devices.IntLib
Replace Part ROK1 Res3 in C:\Users\Public\Documents\Altium\Projects\phone_cover\Power.SchDoc with Res3 from Miscellaneous Devices.IntLib
Replace Part ROK2 Res3 in C:\Users\Public\Documents\Altium\Projects\phone_cover\Power.SchDoc with Res3 from Miscellaneous Devices.IntLib
Replace Part ROK3 Res3 in C:\Users\Public\Documents\Altium\Projects\phone_cover\Power.SchDoc with Res3 from Miscellaneous Devices.IntLib
Replace Part ROUT1 Res3 in C:\Users\Public\Documents\Altium\Projects\phone_cover\Power.SchDoc with Res3 from Miscellaneous Devices.IntLib
Replace Part ROUT2 Res3 in C:\Users\Public\Documents\Altium\Projects\phone_cover\Power.SchDoc with Res3 from Miscellaneous Devices.IntLib
Replace Part ROV1 Res3 in C:\Users\Public\Documents\Altium\Projects\phone_cover\Power.SchDoc with Res3 from Miscellaneous Devices.IntLib
Replace Part ROV2 Res3 in C:\Users\Public\Documents\Altium\Projects\phone_cover\Power.SchDoc with Res3 from Miscellaneous Devices.IntLib
Replace Part U1 BQ25570RGRR in C:\Users\Public\Documents\Altium\Projects\phone_cover\Power.SchDoc with BQ25570RGRR from BQ25570RGRR.IntLib
Replace Part U7 Header 2 in C:\Users\Public\Documents\Altium\Projects\phone_cover\Power.SchDoc with Header 2 from Miscellaneous Connectors.IntLib
Replace Part U9 Header 2 in C:\Users\Public\Documents\Altium\Projects\phone_cover\Power.SchDoc with Header 2 from Miscellaneous Connectors.IntLib
